{
  "description": "Mappings for fn1 layer without kinesis support",
  "manipulators": [
    {
      "from": {
        "key_code": "q",
        "modifiers": { "mandatory": ["fn"], "optional": ["shift", "control", "command", "option"] }
      },
      "to": [
        {
          "key_code": "1"
        }
      ],
      "type": "basic"
    },
    {
      "from": {
        "key_code": "w",
        "modifiers": { "mandatory": ["fn"], "optional": ["shift", "control", "command", "option"] }
      },
      "to": [
        {
          "key_code": "2"
        }
      ],
      "type": "basic"
    },
    {
      "from": {
        "key_code": "e",
        "modifiers": { "mandatory": ["fn"], "optional": ["shift", "control", "command", "option"] }
      },
      "to": [
        {
          "key_code": "3"
        }
      ],
      "type": "basic"
    },
    {
      "from": {
        "key_code": "r",
        "modifiers": { "mandatory": ["fn"], "optional": ["shift", "control", "command", "option"] }
      },
      "to": [
        {
          "key_code": "4"
        }
      ],
      "type": "basic"
    },
    {
      "from": {
        "key_code": "t",
        "modifiers": { "mandatory": ["fn"], "optional": ["shift", "control", "command", "option"] }
      },
      "to": [
        {
          "key_code": "5"
        }
      ],
      "type": "basic"
    },
    {
      "from": {
        "key_code": "y",
        "modifiers": { "mandatory": ["fn"], "optional": ["shift", "control", "command", "option"] }
      },
      "to": [
        {
          "key_code": "hyphen"
        }
      ],
      "type": "basic"
    },
    {
      "from": {
        "key_code": "u",
        "modifiers": { "mandatory": ["fn"], "optional": ["shift", "control", "command", "option"] }
      },
      "to": [
        {
          "key_code": "equal_sign"
        }
      ],
      "type": "basic"
    },
    {
      "from": {
        "key_code": "i",
        "modifiers": { "mandatory": ["fn"], "optional": ["shift", "control", "command", "option"] }
      },
      "to": [
        {
          "key_code": "8",
          "modifiers": ["shift"]
        }
      ],
      "type": "basic"
    },
    {
      "from": {
        "key_code": "o",
        "modifiers": { "mandatory": ["fn"], "optional": ["shift", "control", "command", "option"] }
      },
      "to": [
        {
          "key_code": "6",
          "modifiers": ["shift"]
        }
      ],
      "type": "basic"
    },
    {
      "from": {
        "key_code": "p",
        "modifiers": { "mandatory": ["fn"], "optional": ["shift", "control", "command", "option"] }
      },
      "to": [
        {
          "key_code": "4",
          "modifiers": ["shift"]
        }
      ],
      "type": "basic"
    },
    {
      "from": {
        "key_code": "a",
        "modifiers": { "mandatory": ["fn"], "optional": ["shift", "control", "command", "option"] }
      },
      "to": [
        {
          "key_code": "6"
        }
      ],
      "type": "basic"
    },
    {
      "from": {
        "key_code": "s",
        "modifiers": { "mandatory": ["fn"], "optional": ["shift", "control", "command", "option"] }
      },
      "to": [
        {
          "key_code": "7"
        }
      ],
      "type": "basic"
    },
    {
      "from": {
        "key_code": "d",
        "modifiers": { "mandatory": ["fn"], "optional": ["shift", "control", "command", "option"] }
      },
      "to": [
        {
          "key_code": "8"
        }
      ],
      "type": "basic"
    },
    {
      "from": {
        "key_code": "f",
        "modifiers": { "mandatory": ["fn"], "optional": ["shift", "control", "command", "option"] }
      },
      "to": [
        {
          "key_code": "9"
        }
      ],
      "type": "basic"
    },
    {
      "from": {
        "key_code": "g",
        "modifiers": { "mandatory": ["fn"], "optional": ["shift", "control", "command", "option"] }
      },
      "to": [
        {
          "key_code": "0"
        }
      ],
      "type": "basic"
    },
    {
      "from": {
        "key_code": "h",
        "modifiers": { "mandatory": ["fn"], "optional": ["shift", "control", "command", "option"] }
      },
      "to": [
        {
          "key_code": "9",
          "modifiers": ["shift"]
        }
      ],
      "type": "basic"
    },
    {
      "from": {
        "key_code": "j",
        "modifiers": { "mandatory": ["fn"], "optional": ["shift", "control", "command", "option"] }
      },
      "to": [
        {
          "key_code": "0",
          "modifiers": ["shift"]
        }
      ],
      "type": "basic"
    },
    {
      "from": {
        "key_code": "k",
        "modifiers": { "mandatory": ["fn"], "optional": ["shift", "control", "command", "option"] }
      },
      "to": [
        {
          "key_code": "z",
          "modifiers": ["shift"]
        }
      ],
      "type": "basic"
    },
    {
      "from": {
        "key_code": "l",
        "modifiers": { "mandatory": ["fn"], "optional": ["shift", "control", "command", "option"] }
      },
      "to": [
        {
          "key_code": "q",
          "modifiers": ["shift"]
        }
      ],
      "type": "basic"
    },
    {
      "from": {
        "key_code": "semicolon",
        "modifiers": { "mandatory": ["fn"], "optional": ["shift", "control", "command", "option"] }
      },
      "to": [
        {
          "key_code": "close_bracket"
        }
      ],
      "type": "basic"
    },
    {
      "from": {
        "key_code": "z",
        "modifiers": { "mandatory": ["fn"], "optional": ["shift", "control", "command", "option"] }
      },
      "to": [
        {
          "key_code": "grave_accent_and_tilde"
        }
      ],
      "type": "basic"
    },
    {
      "from": {
        "key_code": "x",
        "modifiers": { "mandatory": ["fn"], "optional": ["shift", "control", "command", "option"] }
      },
      "to": [
        {
          "key_code": "vk_none"
        }
      ],
      "type": "basic"
    },
    {
      "from": {
        "key_code": "c",
        "modifiers": { "mandatory": ["fn"], "optional": ["shift", "control", "command", "option"] }
      },
      "to": [
        {
          "key_code": "escape"
        }
      ],
      "type": "basic"
    },
    {
      "from": {
        "key_code": "v",
        "modifiers": { "mandatory": ["fn"], "optional": ["shift", "control", "command", "option"] }
      },
      "to": [
        {
          "key_code": "escape"
        }
      ],
      "type": "basic"
    },
    {
      "from": {
        "key_code": "b",
        "modifiers": { "mandatory": ["fn"], "optional": ["shift", "control", "command", "option"] }
      },
      "to": [
        {
          "key_code": "vk_none"
        }
      ],
      "type": "basic"
    },
    {
      "from": {
        "key_code": "n",
        "modifiers": { "mandatory": ["fn"], "optional": ["shift", "control", "command", "option"] }
      },
      "to": [
        {
          "key_code": "hyphen",
          "modifiers": ["shift"]
        }
      ],
      "type": "basic"
    },
    {
      "from": {
        "key_code": "m",
        "modifiers": { "mandatory": ["fn"], "optional": ["shift", "control", "command", "option"] }
      },
      "to": [
        {
          "key_code": "equal_sign",
          "modifiers": ["shift"]
        }
      ],
      "type": "basic"
    },
    {
      "from": {
        "key_code": "N",
        "modifiers": { "mandatory": ["fn"], "optional": ["shift", "control", "command", "option"] }
      },
      "to": [
        {
          "key_code": "comma",
          "modifiers": ["shift"]
        }
      ],
      "type": "basic"
    },
    {
      "from": {
        "key_code": "M",
        "modifiers": { "mandatory": ["fn"], "optional": ["shift", "control", "command", "option"] }
      },
      "to": [
        {
          "key_code": "period",
          "modifiers": ["shift"]
        }
      ],
      "type": "basic"
    },
    {
      "from": {
        "key_code": "comma",
        "modifiers": { "mandatory": ["fn"], "optional": ["shift", "control", "command", "option"] }
      },
      "to": [
        {
          "key_code": "grave_accent_and_tilde",
          "modifiers": ["shift"]
        }
      ],
      "type": "basic"
    },
    {
      "from": {
        "key_code": "period",
        "modifiers": { "mandatory": ["fn"], "optional": ["shift", "control", "command", "option"] }
      },
      "to": [
        {
          "key_code": "open_bracket"
        }
      ],
      "type": "basic"
    },
    {
      "from": {
        "key_code": "slash",
        "modifiers": { "mandatory": ["fn"], "optional": ["shift", "control", "command", "option"] }
      },
      "to": [
        {
          "key_code": "backslash"
        }
      ],
      "type": "basic"
    },
    {
      "from": {
        "key_code": "tab",
        "modifiers": { "mandatory": ["fn"], "optional": ["shift", "control", "command", "option"] }
      },
      "to": [
        {
          "key_code": "vk_none"
        }
      ],
      "type": "basic"
    },
    {
      "from": {
        "key_code": "escape",
        "modifiers": { "mandatory": ["fn"], "optional": ["shift", "control", "command", "option"] }
      },
      "to": [
        {
          "key_code": "escape"
        }
      ],
      "type": "basic"
    },
    {
      "from": {
        "key_code": "grave_accent_and_tilde",
        "modifiers": { "mandatory": ["fn"], "optional": ["shift", "control", "command", "option"] }
      },
      "to": [
        {
          "key_code": "grave_accent_and_tilde"
        }
      ],
      "type": "basic"
    },
    {
      "from": {
        "key_code": "open_bracket",
        "modifiers": { "mandatory": ["fn"], "optional": ["shift", "control", "command", "option"] }
      },
      "to": [
        {
          "key_code": "vk_none"
        }
      ],
      "type": "basic"
    },
    {
      "from": {
        "key_code": "quote",
        "modifiers": { "mandatory": ["fn"], "optional": ["shift", "control", "command", "option"] }
      },
      "to": [
        {
          "key_code": "quote"
        }
      ],
      "type": "basic"
    },
    {
      "from": {
        "key_code": "equal_sign",
        "modifiers": { "mandatory": ["fn"], "optional": ["shift", "control", "command", "option"] }
      },
      "to": [
        {
          "key_code": "vk_none"
        }
      ],
      "type": "basic"
    },
    {
      "from": {
        "key_code": "hyphen",
        "modifiers": { "mandatory": ["fn"], "optional": ["shift", "control", "command", "option"] }
      },
      "to": [
        {
          "key_code": "vk_none"
        }
      ],
      "type": "basic"
    },
    {
      "from": {
        "key_code": "close_bracket",
        "modifiers": { "mandatory": ["fn"], "optional": ["shift", "control", "command", "option"] }
      },
      "to": [
        {
          "key_code": "f1"
        }
      ],
      "type": "basic"
    },
    {
      "from": {
        "key_code": "1",
        "modifiers": { "mandatory": ["fn"], "optional": ["shift", "control", "command", "option"] }
      },
      "to": [
        {
          "key_code": "f2"
        }
      ],
      "type": "basic"
    },
    {
      "from": {
        "key_code": "2",
        "modifiers": { "mandatory": ["fn"], "optional": ["shift", "control", "command", "option"] }
      },
      "to": [
        {
          "key_code": "f3"
        }
      ],
      "type": "basic"
    },
    {
      "from": {
        "key_code": "3",
        "modifiers": { "mandatory": ["fn"], "optional": ["shift", "control", "command", "option"] }
      },
      "to": [
        {
          "key_code": "f4"
        }
      ],
      "type": "basic"
    },
    {
      "from": {
        "key_code": "4",
        "modifiers": { "mandatory": ["fn"], "optional": ["shift", "control", "command", "option"] }
      },
      "to": [
        {
          "key_code": "f5"
        }
      ],
      "type": "basic"
    },
    {
      "from": {
        "key_code": "5",
        "modifiers": { "mandatory": ["fn"], "optional": ["shift", "control", "command", "option"] }
      },
      "to": [
        {
          "key_code": "f6"
        }
      ],
      "type": "basic"
    },
    {
      "from": {
        "key_code": "6",
        "modifiers": { "mandatory": ["fn"], "optional": ["shift", "control", "command", "option"] }
      },
      "to": [
        {
          "key_code": "f7"
        }
      ],
      "type": "basic"
    },
    {
      "from": {
        "key_code": "7",
        "modifiers": { "mandatory": ["fn"], "optional": ["shift", "control", "command", "option"] }
      },
      "to": [
        {
          "key_code": "f8"
        }
      ],
      "type": "basic"
    },
    {
      "from": {
        "key_code": "8",
        "modifiers": { "mandatory": ["fn"], "optional": ["shift", "control", "command", "option"] }
      },
      "to": [
        {
          "key_code": "f9"
        }
      ],
      "type": "basic"
    },
    {
      "from": {
        "key_code": "9",
        "modifiers": { "mandatory": ["fn"], "optional": ["shift", "control", "command", "option"] }
      },
      "to": [
        {
          "key_code": "f10"
        }
      ],
      "type": "basic"
    },
    {
      "from": {
        "key_code": "0",
        "modifiers": { "mandatory": ["fn"], "optional": ["shift", "control", "command", "option"] }
      },
      "to": [
        {
          "key_code": "f11"
        }
      ],
      "type": "basic"
    },
    {
      "from": {
        "key_code": "backslash",
        "modifiers": { "mandatory": ["fn"], "optional": ["shift", "control", "command", "option"] }
      },
      "to": [
        {
          "key_code": "f12"
        }
      ],
      "type": "basic"
    },
    {
      "from": {
        "key_code": "delete_or_backspace",
        "modifiers": { "mandatory": ["fn"], "optional": ["shift", "control", "command", "option"] }
      },
      "to": [
        {
          "key_code": "delete_or_backspace"
        }
      ],
      "type": "basic"
    }
  ]
}
